<?xml version="1.0" encoding="UTF-8"?>
<!-- Generated by org.testng.reporters.JUnitReportReporter -->
<testsuite hostname="DESKTOP-6DKNH69" failures="0" tests="1" name="Runner.Funnerclass" time="12.898" errors="0" timestamp="2025-04-17T19:44:52 IST" skipped="0">
  <testcase classname="Runner.Funnerclass" name="runScenario" time="12.898"/>
  <system-out/>
</testsuite> <!-- Runner.Funnerclass -->
